TN:
SF:src/components/atoms/AdvertBar/index.tsx
FN:5,(anonymous_0)
FNF:1
FNH:1
FNDA:4,(anonymous_0)
DA:2,1
DA:5,1
DA:6,4
DA:19,1
LF:4
LH:4
BRF:0
BRH:0
end_of_record
TN:
SF:src/components/atoms/Button/index.tsx
FN:5,(anonymous_0)
FNF:1
FNH:1
FNDA:5,(anonymous_0)
DA:2,1
DA:5,1
DA:12,5
DA:25,5
DA:32,1
LF:5
LH:5
BRDA:7,0,0,5
BRDA:8,1,0,4
BRF:2
BRH:2
end_of_record
TN:
SF:src/components/atoms/Chip/index.tsx
FN:5,(anonymous_0)
FNF:1
FNH:1
FNDA:4,(anonymous_0)
DA:2,1
DA:5,1
DA:11,4
DA:22,4
DA:25,1
LF:5
LH:5
BRDA:6,0,0,3
BRDA:7,1,0,3
BRF:2
BRH:2
end_of_record
TN:
SF:src/components/atoms/Icon/index.tsx
FN:9,(anonymous_0)
FNF:1
FNH:1
FNDA:4,(anonymous_0)
DA:2,1
DA:9,1
DA:14,4
DA:23,1
LF:4
LH:4
BRF:0
BRH:0
end_of_record
TN:
SF:src/components/atoms/IconButton/index.tsx
FN:5,(anonymous_0)
FNF:1
FNH:1
FNDA:9,(anonymous_0)
DA:2,1
DA:5,1
DA:12,9
DA:25,9
DA:32,1
LF:5
LH:5
BRDA:7,0,0,0
BRDA:8,1,0,0
BRF:2
BRH:0
end_of_record
TN:
SF:src/components/atoms/TextLink/index.tsx
FN:5,(anonymous_0)
FNF:1
FNH:1
FNDA:5,(anonymous_0)
DA:2,1
DA:5,1
DA:6,5
DA:8,5
DA:15,1
LF:5
LH:5
BRF:0
BRH:0
end_of_record
TN:
SF:src/components/molecules/ButtonGroup/index.tsx
FN:4,(anonymous_0)
FNF:1
FNH:1
FNDA:3,(anonymous_0)
DA:4,1
DA:5,3
DA:10,1
LF:3
LH:3
BRF:0
BRH:0
end_of_record
